<?xml version="1.0" encoding="UTF-8"?>
<testng-results skipped="0" failed="0" ignored="0" total="1" passed="1">
  <reporter-output>
  </reporter-output>
  <suite name="Default suite" duration-ms="10698" started-at="2020-03-27T06:07:39Z" finished-at="2020-03-27T06:07:49Z">
    <groups>
    </groups>
    <test name="Default test" duration-ms="10698" started-at="2020-03-27T06:07:39Z" finished-at="2020-03-27T06:07:49Z">
      <class name="com.gmail.qa.testcase.loginpagetest">
        <test-method status="PASS" signature="setUp()[pri:0, instance:com.gmail.qa.testcase.loginpagetest@d8355a8]" name="setUp" is-config="true" duration-ms="10020" started-at="2020-03-27T11:37:39Z" finished-at="2020-03-27T11:37:49Z">
          <reporter-output>
          </reporter-output>
        </test-method> <!-- setUp -->
        <test-method status="PASS" signature="loginPageTitleTest()[pri:1, instance:com.gmail.qa.testcase.loginpagetest@d8355a8]" name="loginPageTitleTest" duration-ms="11" started-at="2020-03-27T11:37:49Z" finished-at="2020-03-27T11:37:49Z">
          <reporter-output>
          </reporter-output>
        </test-method> <!-- loginPageTitleTest -->
        <test-method status="PASS" signature="tearDown()[pri:0, instance:com.gmail.qa.testcase.loginpagetest@d8355a8]" name="tearDown" is-config="true" duration-ms="650" started-at="2020-03-27T11:37:49Z" finished-at="2020-03-27T11:37:49Z">
          <reporter-output>
          </reporter-output>
        </test-method> <!-- tearDown -->
      </class> <!-- com.gmail.qa.testcase.loginpagetest -->
    </test> <!-- Default test -->
  </suite> <!-- Default suite -->
</testng-results>
